INFO Training full_game_away_runs_model for holdout season 2025 with 120 search iterations and 3 time-series splits
INFO Running Optuna for full_game_away_runs_model with 120 requested trials, 3 time-series splits, and 2 workers
INFO Optuna study full_game_away_runs_model_final_away_score_cc10c0f69128_2025 has 0 existing trials; running 120 additional trials
Traceback (most recent call last):
  File "C:\Users\bills\Documents\Personal Code\MLBPrediction2026\AutoResearch\train.py", line 593, in <module>
    raise SystemExit(main())
                     ^^^^^^
  File "C:\Users\bills\Documents\Personal Code\MLBPrediction2026\AutoResearch\train.py", line 563, in main
    payload = run_training(
              ^^^^^^^^^^^^^
  File "C:\Users\bills\Documents\Personal Code\MLBPrediction2026\AutoResearch\train.py", line 494, in run_training
    result = rct.train_run_count_models(
             ^^^^^^^^^^^^^^^^^^^^^^^^^^^
  File "C:\Users\bills\Documents\Personal Code\MLBPrediction2026\src\model\run_count_trainer.py", line 287, in train_run_count_models
    artifact = _train_single_model(
               ^^^^^^^^^^^^^^^^^^^^
  File "C:\Users\bills\Documents\Personal Code\MLBPrediction2026\src\model\run_count_trainer.py", line 502, in _train_single_model
    ) = _run_optuna_search(
        ^^^^^^^^^^^^^^^^^^^
  File "C:\Users\bills\Documents\Personal Code\MLBPrediction2026\src\model\run_count_trainer.py", line 1108, in _run_optuna_search
    study.optimize(
  File "C:\Users\bills\Documents\Personal Code\MLBPrediction2026\.venv\Lib\site-packages\optuna\study\study.py", line 490, in optimize
    _optimize(
  File "C:\Users\bills\Documents\Personal Code\MLBPrediction2026\.venv\Lib\site-packages\optuna\study\_optimize.py", line 102, in _optimize
    completed, futures = wait(futures, return_when=FIRST_COMPLETED)
                         ^^^^^^^^^^^^^^^^^^^^^^^^^^^^^^^^^^^^^^^^^^
  File "C:\Users\bills\Documents\Personal Code\MLBPrediction2026\.uv-python\cpython-3.11.14-windows-x86_64-none\Lib\concurrent\futures\_base.py", line 305, in wait
    waiter.event.wait(timeout)
  File "C:\Users\bills\Documents\Personal Code\MLBPrediction2026\.uv-python\cpython-3.11.14-windows-x86_64-none\Lib\threading.py", line 629, in wait
    signaled = self._cond.wait(timeout)
               ^^^^^^^^^^^^^^^^^^^^^^^^
  File "C:\Users\bills\Documents\Personal Code\MLBPrediction2026\.uv-python\cpython-3.11.14-windows-x86_64-none\Lib\threading.py", line 327, in wait
    waiter.acquire()
KeyboardInterrupt
