{
  "completed_at": "2026-03-28T16:33:04.784247+00:00",
  "config": {
    "blend_mode": "xgb_only",
    "bucket_targets": {
      "context": 0,
      "delta": 0,
      "medium_form": 0,
      "short_form": 80
    },
    "cv_aggregation_mode": "mean",
    "early_stopping_rounds": 30,
    "exclude_patterns": [],
    "feature_selection_mode": "flat",
    "force_include_patterns": [],
    "forced_delta_count": 8,
    "lightgbm_param_mode": "derived",
    "max_features": 80,
    "mode": "fast",
    "optuna_workers": 2,
    "search_iterations": 120,
    "selector_type": "pearson",
    "time_series_splits": 3,
    "xgboost_n_jobs": 3
  },
  "duration_seconds": 15.4582,
  "experiment_name": "fast-one",
  "metrics": {
    "cv_metric_name": "poisson_deviance",
    "cv_metric_value": 2.314965650345037,
    "cv_rmse": 3.1797868537126694,
    "holdout_mae": 2.5852176540673026,
    "holdout_poisson_deviance": 2.5109770112634546,
    "holdout_r2": 0.037499419380309984,
    "holdout_rmse": 3.2954263655734217,
    "rmse_improvement_vs_naive_pct": 1.9273240426168192
  },
  "mode": "fast",
  "model": {
    "best_params": {
      "colsample_bytree": 0.564318164492647,
      "gamma": 0.31510708856142644,
      "learning_rate": 0.007936837436384755,
      "max_depth": 3,
      "min_child_weight": 1,
      "n_estimators": 1000,
      "reg_alpha": 9.668112150657155,
      "reg_lambda": 6.2251409816011245,
      "subsample": 0.6464143481006676
    },
    "excluded_candidate_counts": {
      "14_window": 60,
      "60_window": 68,
      "forced_candidate_includes": 0,
      "pattern_excluded": 0,
      "redundant_team_offense": 32
    },
    "feature_columns": [
      "away_lineup_barrel_pct_30g",
      "away_lineup_barrel_pct_7g",
      "away_lineup_bb_pct_30g",
      "away_lineup_bb_pct_7g",
      "away_lineup_iso_30g",
      "away_lineup_iso_7g",
      "away_lineup_k_pct_30g",
      "away_lineup_k_pct_7g",
      "away_lineup_woba_30g",
      "away_lineup_woba_7g",
      "away_lineup_woba_minus_xwoba_30g",
      "away_lineup_wrc_plus_30g",
      "away_lineup_wrc_plus_7g",
      "away_lineup_xwoba_30g",
      "away_lineup_xwoba_7g",
      "away_offense_vs_home_starter_woba_gap",
      "away_starter_xera_30s",
      "away_starter_xera_7s",
      "away_team_barrel_pct_30g",
      "away_team_barrel_pct_7g",
      "away_team_bullpen_xfip",
      "away_team_defensive_efficiency_30g",
      "away_team_defensive_efficiency_season",
      "away_team_f5_pythagorean_wp_30g",
      "away_team_log5_30g",
      "away_team_oaa_30g",
      "away_team_oaa_season",
      "away_team_pythagorean_wp_30g",
      "away_team_runs_scored_7g",
      "away_team_woba_vs_LHP",
      "away_team_woba_vs_RHP",
      "away_team_woba_vs_opposing_hand",
      "home_lineup_barrel_pct_30g",
      "home_lineup_barrel_pct_7g",
      "home_lineup_bb_pct_30g",
      "home_lineup_bb_pct_7g",
      "home_lineup_iso_30g",
      "home_lineup_iso_7g",
      "home_lineup_woba_30g",
      "home_lineup_woba_7g",
      "home_lineup_wrc_plus_30g",
      "home_lineup_wrc_plus_7g",
      "home_lineup_xwoba_30g",
      "home_lineup_xwoba_7g",
      "home_starter_avg_fastball_velocity_30s",
      "home_starter_avg_fastball_velocity_7s",
      "home_starter_bb_pct_30s",
      "home_starter_bb_pct_7s",
      "home_starter_csw_pct_30s",
      "home_starter_csw_pct_7s",
      "home_starter_cumulative_pitch_load_5s",
      "home_starter_k_pct_30s",
      "home_starter_k_pct_7s",
      "home_starter_last_start_pitch_count",
      "home_starter_siera_30s",
      "home_starter_siera_7s",
      "home_starter_xera_30s",
      "home_starter_xera_7s",
      "home_starter_xfip_30s",
      "home_starter_xfip_7s",
      "home_team_barrel_pct_30g",
      "home_team_barrel_pct_7g",
      "home_team_bullpen_xfip",
      "home_team_defensive_efficiency_30g",
      "home_team_defensive_efficiency_season",
      "home_team_f5_pythagorean_wp_30g",
      "home_team_log5_30g",
      "home_team_oaa_30g",
      "home_team_oaa_season",
      "home_team_pythagorean_wp_30g",
      "home_team_runs_allowed_7g",
      "home_team_woba_vs_LHP",
      "home_team_woba_vs_RHP",
      "home_team_woba_vs_opposing_hand",
      "park_hr_factor",
      "park_runs_factor",
      "weather_air_density_factor",
      "weather_composite",
      "weather_humidity_factor",
      "weather_temp_factor"
    ],
    "feature_selection_bucket_counts": {
      "flat": 80
    },
    "feature_selection_bucket_targets": {
      "flat": 80
    },
    "final_n_estimators": 879,
    "metadata_path": "C:\\Users\\bills\\Documents\\Personal Code\\MLBPrediction2026\\data\\models\\fast-one\\full_game_away_runs_model_20260328T163249Z_cc10c0f6.metadata.json",
    "model_name": "full_game_away_runs_model",
    "model_path": "C:\\Users\\bills\\Documents\\Personal Code\\MLBPrediction2026\\data\\models\\fast-one\\full_game_away_runs_model_20260328T163249Z_cc10c0f6.joblib",
    "model_version": "20260328T163249Z_cc10c0f6",
    "target_column": "final_away_score"
  },
  "output_dir": "C:\\Users\\bills\\Documents\\Personal Code\\MLBPrediction2026\\data\\models\\fast-one",
  "started_at": "2026-03-28T16:32:49.326047+00:00",
  "summary_path": "C:\\Users\\bills\\Documents\\Personal Code\\MLBPrediction2026\\data\\models\\fast-one\\run_count_training_run_20260328T163249Z_cc10c0f6.json"
}
